# JRE version: OpenJDK Runtime Environment (11.0.12+7) (build 11.0.12+7-b1504.28-7817840)
# Java VM: OpenJDK 64-Bit Server VM (11.0.12+7-b1504.28-7817840, mixed mode, tiered, compressed oops, g1 gc, windows-amd64)
Heap:
 garbage-first heap   total 249856K, used 140056K [0x00000000a0000000, 0x0000000100000000)
  region size 1024K, 54 young (55296K), 4 survivors (4096K)
 Metaspace       used 88048K, capacity 90472K, committed 90752K, reserved 1128448K
  class space    used 10982K, capacity 11786K, committed 11904K, reserved 1048576K
GC Heap History (20 events):
Event: 2213.203 GC heap before
{Heap before GC invocations=109 (full 0):
 garbage-first heap   total 192512K, used 139541K [0x00000000a0000000, 0x0000000100000000)
  region size 1024K, 48 young (49152K), 6 survivors (6144K)
 Metaspace       used 86784K, capacity 88886K, committed 89600K, reserved 1126400K
  class space    used 10879K, capacity 11601K, committed 11776K, reserved 1048576K
}
Event: 2213.251 GC heap after
{Heap after GC invocations=110 (full 0):
 garbage-first heap   total 192512K, used 100338K [0x00000000a0000000, 0x0000000100000000)
  region size 1024K, 3 young (3072K), 3 survivors (3072K)
 Metaspace       used 86784K, capacity 88886K, committed 89600K, reserved 1126400K
  class space    used 10879K, capacity 11601K, committed 11776K, reserved 1048576K
}
Event: 2214.041 GC heap before
{Heap before GC invocations=110 (full 0):
 garbage-first heap   total 192512K, used 105458K [0x00000000a0000000, 0x0000000100000000)
  region size 1024K, 9 young (9216K), 3 survivors (3072K)
 Metaspace       used 86801K, capacity 88950K, committed 89600K, reserved 1126400K
  class space    used 10879K, capacity 11601K, committed 11776K, reserved 1048576K
}
Event: 2214.112 GC heap after
{Heap after GC invocations=111 (full 0):
 garbage-first heap   total 192512K, used 88836K [0x00000000a0000000, 0x0000000100000000)
  region size 1024K, 1 young (1024K), 1 survivors (1024K)
 Metaspace       used 86801K, capacity 88950K, committed 89600K, reserved 1126400K
  class space    used 10879K, capacity 11601K, committed 11776K, reserved 1048576K
}
Event: 2214.715 GC heap before
{Heap before GC invocations=111 (full 0):
 garbage-first heap   total 192512K, used 96004K [0x00000000a0000000, 0x0000000100000000)
  region size 1024K, 9 young (9216K), 1 survivors (1024K)
 Metaspace       used 86887K, capacity 89104K, committed 89600K, reserved 1126400K
  class space    used 10887K, capacity 11616K, committed 11776K, reserved 1048576K
}
Event: 2214.741 GC heap after
{Heap after GC invocations=112 (full 0):
 garbage-first heap   total 192512K, used 87296K [0x00000000a0000000, 0x0000000100000000)
  region size 1024K, 1 young (1024K), 1 survivors (1024K)
 Metaspace       used 86887K, capacity 89104K, committed 89600K, reserved 1126400K
  class space    used 10887K, capacity 11616K, committed 11776K, reserved 1048576K
}
Event: 2214.884 GC heap before
{Heap before GC invocations=112 (full 0):
 garbage-first heap   total 192512K, used 93440K [0x00000000a0000000, 0x0000000100000000)
  region size 1024K, 8 young (8192K), 1 survivors (1024K)
 Metaspace       used 86891K, capacity 89104K, committed 89600K, reserved 1126400K
  class space    used 10887K, capacity 11616K, committed 11776K, reserved 1048576K
}
Event: 2214.891 GC heap after
{Heap after GC invocations=113 (full 0):
 garbage-first heap   total 192512K, used 88839K [0x00000000a0000000, 0x0000000100000000)
  region size 1024K, 2 young (2048K), 2 survivors (2048K)
 Metaspace       used 86891K, capacity 89104K, committed 89600K, reserved 1126400K
  class space    used 10887K, capacity 11616K, committed 11776K, reserved 1048576K
}
Event: 2216.736 GC heap before
{Heap before GC invocations=114 (full 0):
 garbage-first heap   total 246784K, used 245511K [0x00000000a0000000, 0x0000000100000000)
  region size 1024K, 10 young (10240K), 2 survivors (2048K)
 Metaspace       used 86912K, capacity 89104K, committed 89600K, reserved 1126400K
  class space    used 10887K, capacity 11616K, committed 11776K, reserved 1048576K
}
Event: 2216.744 GC heap after
{Heap after GC invocations=115 (full 0):
 garbage-first heap   total 249856K, used 154104K [0x00000000a0000000, 0x0000000100000000)
  region size 1024K, 3 young (3072K), 3 survivors (3072K)
 Metaspace       used 86912K, capacity 89104K, committed 89600K, reserved 1126400K
  class space    used 10887K, capacity 11616K, committed 11776K, reserved 1048576K
}
Event: 2218.636 GC heap before
{Heap before GC invocations=115 (full 0):
 garbage-first heap   total 249856K, used 165368K [0x00000000a0000000, 0x0000000100000000)
  region size 1024K, 12 young (12288K), 3 survivors (3072K)
 Metaspace       used 86955K, capacity 89107K, committed 89600K, reserved 1126400K
  class space    used 10888K, capacity 11617K, committed 11776K, reserved 1048576K
}
Event: 2218.642 GC heap after
{Heap after GC invocations=116 (full 0):
 garbage-first heap   total 249856K, used 87823K [0x00000000a0000000, 0x0000000100000000)
  region size 1024K, 1 young (1024K), 1 survivors (1024K)
 Metaspace       used 86955K, capacity 89107K, committed 89600K, reserved 1126400K
  class space    used 10888K, capacity 11617K, committed 11776K, reserved 1048576K
}
Event: 5076.683 GC heap before
{Heap before GC invocations=116 (full 0):
 garbage-first heap   total 249856K, used 144143K [0x00000000a0000000, 0x0000000100000000)
  region size 1024K, 56 young (57344K), 1 survivors (1024K)
 Metaspace       used 87038K, capacity 89326K, committed 89856K, reserved 1128448K
  class space    used 10894K, capacity 11624K, committed 11776K, reserved 1048576K
}
Event: 5076.827 GC heap after
{Heap after GC invocations=117 (full 0):
 garbage-first heap   total 249856K, used 87758K [0x00000000a0000000, 0x0000000100000000)
  region size 1024K, 1 young (1024K), 1 survivors (1024K)
 Metaspace       used 87038K, capacity 89326K, committed 89856K, reserved 1128448K
  class space    used 10894K, capacity 11624K, committed 11776K, reserved 1048576K
}
Event: 7954.361 GC heap before
{Heap before GC invocations=117 (full 0):
 garbage-first heap   total 249856K, used 143054K [0x00000000a0000000, 0x0000000100000000)
  region size 1024K, 55 young (56320K), 1 survivors (1024K)
 Metaspace       used 87074K, capacity 89359K, committed 89856K, reserved 1128448K
  class space    used 10898K, capacity 11631K, committed 11776K, reserved 1048576K
}
Event: 7954.436 GC heap after
{Heap after GC invocations=118 (full 0):
 garbage-first heap   total 249856K, used 88145K [0x00000000a0000000, 0x0000000100000000)
  region size 1024K, 1 young (1024K), 1 survivors (1024K)
 Metaspace       used 87074K, capacity 89359K, committed 89856K, reserved 1128448K
  class space    used 10898K, capacity 11631K, committed 11776K, reserved 1048576K
}
Event: 7960.291 GC heap before
{Heap before GC invocations=118 (full 0):
 garbage-first heap   total 249856K, used 130129K [0x00000000a0000000, 0x0000000100000000)
  region size 1024K, 43 young (44032K), 1 survivors (1024K)
 Metaspace       used 87358K, capacity 89658K, committed 89856K, reserved 1128448K
  class space    used 10921K, capacity 11674K, committed 11776K, reserved 1048576K
}
Event: 7960.325 GC heap after
{Heap after GC invocations=119 (full 0):
 garbage-first heap   total 249856K, used 93087K [0x00000000a0000000, 0x0000000100000000)
  region size 1024K, 6 young (6144K), 6 survivors (6144K)
 Metaspace       used 87358K, capacity 89658K, committed 89856K, reserved 1128448K
  class space    used 10921K, capacity 11674K, committed 11776K, reserved 1048576K
}
Event: 8077.709 GC heap before
{Heap before GC invocations=119 (full 0):
 garbage-first heap   total 249856K, used 146335K [0x00000000a0000000, 0x0000000100000000)
  region size 1024K, 59 young (60416K), 6 survivors (6144K)
 Metaspace       used 87825K, capacity 90149K, committed 90368K, reserved 1128448K
  class space    used 10965K, capacity 11755K, committed 11776K, reserved 1048576K
}
Event: 8077.775 GC heap after
{Heap after GC invocations=120 (full 0):
 garbage-first heap   total 249856K, used 90904K [0x00000000a0000000, 0x0000000100000000)
  region size 1024K, 4 young (4096K), 4 survivors (4096K)
 Metaspace       used 87825K, capacity 90149K, committed 90368K, reserved 1128448K
  class space    used 10965K, capacity 11755K, committed 11776K, reserved 1048576K
}

